# JRE version: OpenJDK Runtime Environment (11.0.7+10) (build 11.0.7+10-post-Ubuntu-2ubuntu218.04)
# Java VM: OpenJDK 64-Bit Server VM (11.0.7+10-post-Ubuntu-2ubuntu218.04, mixed mode, sharing, tiered, compressed oops, parallel gc, linux-amd64)
Heap:
 PSYoungGen      total 49664K, used 10749K [0x00000000eab00000, 0x00000000f1180000, 0x0000000100000000)
  eden space 38912K, 0% used [0x00000000eab00000,0x00000000eab00000,0x00000000ed100000)
  from space 10752K, 99% used [0x00000000eeb80000,0x00000000ef5ff728,0x00000000ef600000)
  to   space 27136K, 0% used [0x00000000ed100000,0x00000000ed100000,0x00000000eeb80000)
 ParOldGen       total 68608K, used 63059K [0x00000000c0000000, 0x00000000c4300000, 0x00000000eab00000)
  object space 68608K, 91% used [0x00000000c0000000,0x00000000c3d94f40,0x00000000c4300000)
 Metaspace       used 41262K, capacity 43816K, committed 43944K, reserved 1087488K
  class space    used 4371K, capacity 5243K, committed 5368K, reserved 1048576K
GC Heap History (20 events):
Event: 8.994 GC heap after
{Heap after GC invocations=9 (full 2):
 PSYoungGen      total 24576K, used 1952K [0x00000000eab00000, 0x00000000ec800000, 0x0000000100000000)
  eden space 22528K, 0% used [0x00000000eab00000,0x00000000eab00000,0x00000000ec100000)
  from space 2048K, 95% used [0x00000000ec180000,0x00000000ec368020,0x00000000ec380000)
  to   space 3584K, 0% used [0x00000000ec480000,0x00000000ec480000,0x00000000ec800000)
 ParOldGen       total 68608K, used 15398K [0x00000000c0000000, 0x00000000c4300000, 0x00000000eab00000)
  object space 68608K, 22% used [0x00000000c0000000,0x00000000c0f09b98,0x00000000c4300000)
 Metaspace       used 33614K, capacity 35949K, committed 36008K, reserved 1081344K
  class space    used 3700K, capacity 4547K, committed 4600K, reserved 1048576K
}
Event: 9.082 GC heap before
{Heap before GC invocations=10 (full 2):
 PSYoungGen      total 24576K, used 24480K [0x00000000eab00000, 0x00000000ec800000, 0x0000000100000000)
  eden space 22528K, 100% used [0x00000000eab00000,0x00000000ec100000,0x00000000ec100000)
  from space 2048K, 95% used [0x00000000ec180000,0x00000000ec368020,0x00000000ec380000)
  to   space 3584K, 0% used [0x00000000ec480000,0x00000000ec480000,0x00000000ec800000)
 ParOldGen       total 68608K, used 15398K [0x00000000c0000000, 0x00000000c4300000, 0x00000000eab00000)
  object space 68608K, 22% used [0x00000000c0000000,0x00000000c0f09b98,0x00000000c4300000)
 Metaspace       used 33644K, capacity 36014K, committed 36264K, reserved 1081344K
  class space    used 3702K, capacity 4547K, committed 4600K, reserved 1048576K
}
Event: 9.147 GC heap after
{Heap after GC invocations=10 (full 2):
 PSYoungGen      total 25600K, used 3552K [0x00000000eab00000, 0x00000000ec880000, 0x0000000100000000)
  eden space 22016K, 0% used [0x00000000eab00000,0x00000000eab00000,0x00000000ec080000)
  from space 3584K, 99% used [0x00000000ec480000,0x00000000ec7f8020,0x00000000ec800000)
  to   space 4096K, 0% used [0x00000000ec080000,0x00000000ec080000,0x00000000ec480000)
 ParOldGen       total 68608K, used 15486K [0x00000000c0000000, 0x00000000c4300000, 0x00000000eab00000)
  object space 68608K, 22% used [0x00000000c0000000,0x00000000c0f1fb98,0x00000000c4300000)
 Metaspace       used 33644K, capacity 36014K, committed 36264K, reserved 1081344K
  class space    used 3702K, capacity 4547K, committed 4600K, reserved 1048576K
}
Event: 9.247 GC heap before
{Heap before GC invocations=11 (full 2):
 PSYoungGen      total 25600K, used 25568K [0x00000000eab00000, 0x00000000ec880000, 0x0000000100000000)
  eden space 22016K, 100% used [0x00000000eab00000,0x00000000ec080000,0x00000000ec080000)
  from space 3584K, 99% used [0x00000000ec480000,0x00000000ec7f8020,0x00000000ec800000)
  to   space 4096K, 0% used [0x00000000ec080000,0x00000000ec080000,0x00000000ec480000)
 ParOldGen       total 68608K, used 15486K [0x00000000c0000000, 0x00000000c4300000, 0x00000000eab00000)
  object space 68608K, 22% used [0x00000000c0000000,0x00000000c0f1fb98,0x00000000c4300000)
 Metaspace       used 33757K, capacity 36078K, committed 36264K, reserved 1081344K
  class space    used 3706K, capacity 4547K, committed 4600K, reserved 1048576K
}
Event: 9.316 GC heap after
{Heap after GC invocations=11 (full 2):
 PSYoungGen      total 26112K, used 4082K [0x00000000eab00000, 0x00000000ed980000, 0x0000000100000000)
  eden space 22016K, 0% used [0x00000000eab00000,0x00000000eab00000,0x00000000ec080000)
  from space 4096K, 99% used [0x00000000ec080000,0x00000000ec47cb38,0x00000000ec480000)
  to   space 6144K, 0% used [0x00000000ed380000,0x00000000ed380000,0x00000000ed980000)
 ParOldGen       total 68608K, used 16766K [0x00000000c0000000, 0x00000000c4300000, 0x00000000eab00000)
  object space 68608K, 24% used [0x00000000c0000000,0x00000000c105fb98,0x00000000c4300000)
 Metaspace       used 33757K, capacity 36078K, committed 36264K, reserved 1081344K
  class space    used 3706K, capacity 4547K, committed 4600K, reserved 1048576K
}
Event: 9.397 GC heap before
{Heap before GC invocations=12 (full 2):
 PSYoungGen      total 26112K, used 26098K [0x00000000eab00000, 0x00000000ed980000, 0x0000000100000000)
  eden space 22016K, 100% used [0x00000000eab00000,0x00000000ec080000,0x00000000ec080000)
  from space 4096K, 99% used [0x00000000ec080000,0x00000000ec47cb38,0x00000000ec480000)
  to   space 6144K, 0% used [0x00000000ed380000,0x00000000ed380000,0x00000000ed980000)
 ParOldGen       total 68608K, used 16766K [0x00000000c0000000, 0x00000000c4300000, 0x00000000eab00000)
  object space 68608K, 24% used [0x00000000c0000000,0x00000000c105fb98,0x00000000c4300000)
 Metaspace       used 33841K, capacity 36206K, committed 36264K, reserved 1081344K
  class space    used 3713K, capacity 4547K, committed 4600K, reserved 1048576K
}
Event: 9.468 GC heap after
{Heap after GC invocations=12 (full 2):
 PSYoungGen      total 39424K, used 3698K [0x00000000eab00000, 0x00000000ed780000, 0x0000000100000000)
  eden space 35328K, 0% used [0x00000000eab00000,0x00000000eab00000,0x00000000ecd80000)
  from space 4096K, 90% used [0x00000000ed380000,0x00000000ed71cb38,0x00000000ed780000)
  to   space 4608K, 0% used [0x00000000ece80000,0x00000000ece80000,0x00000000ed300000)
 ParOldGen       total 68608K, used 19438K [0x00000000c0000000, 0x00000000c4300000, 0x00000000eab00000)
  object space 68608K, 28% used [0x00000000c0000000,0x00000000c12fbba8,0x00000000c4300000)
 Metaspace       used 33841K, capacity 36206K, committed 36264K, reserved 1081344K
  class space    used 3713K, capacity 4547K, committed 4600K, reserved 1048576K
}
Event: 9.592 GC heap before
{Heap before GC invocations=13 (full 2):
 PSYoungGen      total 39424K, used 39026K [0x00000000eab00000, 0x00000000ed780000, 0x0000000100000000)
  eden space 35328K, 100% used [0x00000000eab00000,0x00000000ecd80000,0x00000000ecd80000)
  from space 4096K, 90% used [0x00000000ed380000,0x00000000ed71cb38,0x00000000ed780000)
  to   space 4608K, 0% used [0x00000000ece80000,0x00000000ece80000,0x00000000ed300000)
 ParOldGen       total 68608K, used 19438K [0x00000000c0000000, 0x00000000c4300000, 0x00000000eab00000)
  object space 68608K, 28% used [0x00000000c0000000,0x00000000c12fbba8,0x00000000c4300000)
 Metaspace       used 33841K, capacity 36206K, committed 36264K, reserved 1081344K
  class space    used 3713K, capacity 4547K, committed 4600K, reserved 1048576K
}
Event: 9.638 GC heap after
{Heap after GC invocations=13 (full 2):
 PSYoungGen      total 40960K, used 3360K [0x00000000eab00000, 0x00000000eea80000, 0x0000000100000000)
  eden space 36352K, 0% used [0x00000000eab00000,0x00000000eab00000,0x00000000ece80000)
  from space 4608K, 72% used [0x00000000ece80000,0x00000000ed1c8010,0x00000000ed300000)
  to   space 4096K, 0% used [0x00000000ee680000,0x00000000ee680000,0x00000000eea80000)
 ParOldGen       total 68608K, used 22995K [0x00000000c0000000, 0x00000000c4300000, 0x00000000eab00000)
  object space 68608K, 33% used [0x00000000c0000000,0x00000000c1674da0,0x00000000c4300000)
 Metaspace       used 33841K, capacity 36206K, committed 36264K, reserved 1081344K
  class space    used 3713K, capacity 4547K, committed 4600K, reserved 1048576K
}
Event: 10.615 GC heap before
{Heap before GC invocations=14 (full 2):
 PSYoungGen      total 40960K, used 39712K [0x00000000eab00000, 0x00000000eea80000, 0x0000000100000000)
  eden space 36352K, 100% used [0x00000000eab00000,0x00000000ece80000,0x00000000ece80000)
  from space 4608K, 72% used [0x00000000ece80000,0x00000000ed1c8010,0x00000000ed300000)
  to   space 4096K, 0% used [0x00000000ee680000,0x00000000ee680000,0x00000000eea80000)
 ParOldGen       total 68608K, used 22995K [0x00000000c0000000, 0x00000000c4300000, 0x00000000eab00000)
  object space 68608K, 33% used [0x00000000c0000000,0x00000000c1674da0,0x00000000c4300000)
 Metaspace       used 37313K, capacity 39796K, committed 39848K, reserved 1085440K
  class space    used 3996K, capacity 4840K, committed 4856K, reserved 1048576K
}
Event: 10.674 GC heap after
{Heap after GC invocations=14 (full 2):
 PSYoungGen      total 60928K, used 3758K [0x00000000eab00000, 0x00000000eec00000, 0x0000000100000000)
  eden space 56832K, 0% used [0x00000000eab00000,0x00000000eab00000,0x00000000ee280000)
  from space 4096K, 91% used [0x00000000ee680000,0x00000000eea2b8d0,0x00000000eea80000)
  to   space 4096K, 0% used [0x00000000ee280000,0x00000000ee280000,0x00000000ee680000)
 ParOldGen       total 68608K, used 26289K [0x00000000c0000000, 0x00000000c4300000, 0x00000000eab00000)
  object space 68608K, 38% used [0x00000000c0000000,0x00000000c19ac630,0x00000000c4300000)
 Metaspace       used 37313K, capacity 39796K, committed 39848K, reserved 1085440K
  class space    used 3996K, capacity 4840K, committed 4856K, reserved 1048576K
}
Event: 11.856 GC heap before
{Heap before GC invocations=15 (full 2):
 PSYoungGen      total 60928K, used 60590K [0x00000000eab00000, 0x00000000eec00000, 0x0000000100000000)
  eden space 56832K, 100% used [0x00000000eab00000,0x00000000ee280000,0x00000000ee280000)
  from space 4096K, 91% used [0x00000000ee680000,0x00000000eea2b8d0,0x00000000eea80000)
  to   space 4096K, 0% used [0x00000000ee280000,0x00000000ee280000,0x00000000ee680000)
 ParOldGen       total 68608K, used 26289K [0x00000000c0000000, 0x00000000c4300000, 0x00000000eab00000)
  object space 68608K, 38% used [0x00000000c0000000,0x00000000c19ac630,0x00000000c4300000)
 Metaspace       used 39325K, capacity 41886K, committed 42152K, reserved 1087488K
  class space    used 4161K, capacity 5006K, committed 5112K, reserved 1048576K
}
Event: 12.000 GC heap after
{Heap after GC invocations=15 (full 2):
 PSYoungGen      total 59392K, used 4083K [0x00000000eab00000, 0x00000000ef900000, 0x0000000100000000)
  eden space 55296K, 0% used [0x00000000eab00000,0x00000000eab00000,0x00000000ee100000)
  from space 4096K, 99% used [0x00000000ee280000,0x00000000ee67cdc8,0x00000000ee680000)
  to   space 12288K, 0% used [0x00000000eed00000,0x00000000eed00000,0x00000000ef900000)
 ParOldGen       total 68608K, used 33166K [0x00000000c0000000, 0x00000000c4300000, 0x00000000eab00000)
  object space 68608K, 48% used [0x00000000c0000000,0x00000000c2063b98,0x00000000c4300000)
 Metaspace       used 39325K, capacity 41886K, committed 42152K, reserved 1087488K
  class space    used 4161K, capacity 5006K, committed 5112K, reserved 1048576K
}
Event: 13.008 GC heap before
{Heap before GC invocations=16 (full 2):
 PSYoungGen      total 59392K, used 59374K [0x00000000eab00000, 0x00000000ef900000, 0x0000000100000000)
  eden space 55296K, 99% used [0x00000000eab00000,0x00000000ee0fea68,0x00000000ee100000)
  from space 4096K, 99% used [0x00000000ee280000,0x00000000ee67cdc8,0x00000000ee680000)
  to   space 12288K, 0% used [0x00000000eed00000,0x00000000eed00000,0x00000000ef900000)
 ParOldGen       total 68608K, used 33166K [0x00000000c0000000, 0x00000000c4300000, 0x00000000eab00000)
  object space 68608K, 48% used [0x00000000c0000000,0x00000000c2063b98,0x00000000c4300000)
 Metaspace       used 40469K, capacity 43108K, committed 43304K, reserved 1087488K
  class space    used 4253K, capacity 5136K, committed 5240K, reserved 1048576K
}
Event: 13.081 GC heap after
{Heap after GC invocations=16 (full 2):
 PSYoungGen      total 66048K, used 12173K [0x00000000eab00000, 0x00000000ef900000, 0x0000000100000000)
  eden space 53760K, 0% used [0x00000000eab00000,0x00000000eab00000,0x00000000edf80000)
  from space 12288K, 99% used [0x00000000eed00000,0x00000000ef8e35d0,0x00000000ef900000)
  to   space 12800K, 0% used [0x00000000ee000000,0x00000000ee000000,0x00000000eec80000)
 ParOldGen       total 68608K, used 37141K [0x00000000c0000000, 0x00000000c4300000, 0x00000000eab00000)
  object space 68608K, 54% used [0x00000000c0000000,0x00000000c24457e0,0x00000000c4300000)
 Metaspace       used 40469K, capacity 43108K, committed 43304K, reserved 1087488K
  class space    used 4253K, capacity 5136K, committed 5240K, reserved 1048576K
}
Event: 13.566 GC heap before
{Heap before GC invocations=17 (full 2):
 PSYoungGen      total 66048K, used 65920K [0x00000000eab00000, 0x00000000ef900000, 0x0000000100000000)
  eden space 53760K, 99% used [0x00000000eab00000,0x00000000edf7cdb8,0x00000000edf80000)
  from space 12288K, 99% used [0x00000000eed00000,0x00000000ef8e35d0,0x00000000ef900000)
  to   space 12800K, 0% used [0x00000000ee000000,0x00000000ee000000,0x00000000eec80000)
 ParOldGen       total 68608K, used 37141K [0x00000000c0000000, 0x00000000c4300000, 0x00000000eab00000)
  object space 68608K, 54% used [0x00000000c0000000,0x00000000c24457e0,0x00000000c4300000)
 Metaspace       used 40928K, capacity 43580K, committed 43816K, reserved 1087488K
  class space    used 4315K, capacity 5208K, committed 5240K, reserved 1048576K
}
Event: 13.648 GC heap after
{Heap after GC invocations=17 (full 2):
 PSYoungGen      total 64000K, used 11730K [0x00000000eab00000, 0x00000000ef600000, 0x0000000100000000)
  eden space 52224K, 0% used [0x00000000eab00000,0x00000000eab00000,0x00000000ede00000)
  from space 11776K, 99% used [0x00000000ee000000,0x00000000eeb74840,0x00000000eeb80000)
  to   space 10752K, 0% used [0x00000000eeb80000,0x00000000eeb80000,0x00000000ef600000)
 ParOldGen       total 68608K, used 49108K [0x00000000c0000000, 0x00000000c4300000, 0x00000000eab00000)
  object space 68608K, 71% used [0x00000000c0000000,0x00000000c2ff5058,0x00000000c4300000)
 Metaspace       used 40928K, capacity 43580K, committed 43816K, reserved 1087488K
  class space    used 4315K, capacity 5208K, committed 5240K, reserved 1048576K
}
Event: 14.030 GC heap before
{Heap before GC invocations=18 (full 2):
 PSYoungGen      total 64000K, used 63954K [0x00000000eab00000, 0x00000000ef600000, 0x0000000100000000)
  eden space 52224K, 100% used [0x00000000eab00000,0x00000000ede00000,0x00000000ede00000)
  from space 11776K, 99% used [0x00000000ee000000,0x00000000eeb74840,0x00000000eeb80000)
  to   space 10752K, 0% used [0x00000000eeb80000,0x00000000eeb80000,0x00000000ef600000)
 ParOldGen       total 68608K, used 49108K [0x00000000c0000000, 0x00000000c4300000, 0x00000000eab00000)
  object space 68608K, 71% used [0x00000000c0000000,0x00000000c2ff5058,0x00000000c4300000)
 Metaspace       used 41262K, capacity 43816K, committed 43944K, reserved 1087488K
  class space    used 4371K, capacity 5243K, committed 5368K, reserved 1048576K
}
Event: 14.153 GC heap after
{Heap after GC invocations=18 (full 2):
 PSYoungGen      total 49664K, used 10749K [0x00000000eab00000, 0x00000000f1180000, 0x0000000100000000)
  eden space 38912K, 0% used [0x00000000eab00000,0x00000000eab00000,0x00000000ed100000)
  from space 10752K, 99% used [0x00000000eeb80000,0x00000000ef5ff728,0x00000000ef600000)
  to   space 27136K, 0% used [0x00000000ed100000,0x00000000ed100000,0x00000000eeb80000)
 ParOldGen       total 68608K, used 63059K [0x00000000c0000000, 0x00000000c4300000, 0x00000000eab00000)
  object space 68608K, 91% used [0x00000000c0000000,0x00000000c3d94f40,0x00000000c4300000)
 Metaspace       used 41262K, capacity 43816K, committed 43944K, reserved 1087488K
  class space    used 4371K, capacity 5243K, committed 5368K, reserved 1048576K
}
Event: 14.153 GC heap before
{Heap before GC invocations=19 (full 3):
 PSYoungGen      total 49664K, used 10749K [0x00000000eab00000, 0x00000000f1180000, 0x0000000100000000)
  eden space 38912K, 0% used [0x00000000eab00000,0x00000000eab00000,0x00000000ed100000)
  from space 10752K, 99% used [0x00000000eeb80000,0x00000000ef5ff728,0x00000000ef600000)
  to   space 27136K, 0% used [0x00000000ed100000,0x00000000ed100000,0x00000000eeb80000)
 ParOldGen       total 68608K, used 63059K [0x00000000c0000000, 0x00000000c4300000, 0x00000000eab00000)
  object space 68608K, 91% used [0x00000000c0000000,0x00000000c3d94f40,0x00000000c4300000)
 Metaspace       used 41262K, capacity 43816K, committed 43944K, reserved 1087488K
  class space    used 4371K, capacity 5243K, committed 5368K, reserved 1048576K
}

